<?xml version="1.0" encoding="UTF-8"?>
<!-- Generated by org.testng.reporters.JUnitReportReporter -->
<testsuite skipped="0" hostname="tm15" name="com.TestCases.Tc_01_Add_Customer" tests="1" failures="0" timestamp="10 Apr 2018 07:09:21 GMT" time="20.432" errors="0">
  <testcase name="add_Customer1" time="20.432" classname="com.TestCases.Tc_01_Add_Customer"/>
</testsuite> <!-- com.TestCases.Tc_01_Add_Customer -->
