<?xml version="1.0" encoding="UTF-8"?>
<!-- Generated by org.testng.reporters.JUnitReportReporter -->
<testsuite skipped="0" hostname="tm15" name="com.TestCases.Tc_01_Delete_Staff" tests="1" failures="0" timestamp="11 Apr 2018 05:27:52 GMT" time="20.834" errors="0">
  <testcase name="delete_Staff" time="20.834" classname="com.TestCases.Tc_01_Delete_Staff"/>
</testsuite> <!-- com.TestCases.Tc_01_Delete_Staff -->
