<?xml version="1.0" encoding="UTF-8"?>
<!-- Generated by org.testng.reporters.JUnitReportReporter -->
<testsuite skipped="0" hostname="tm15" name="com.TestCases.Tc_01_Edit_Staff_Details" tests="1" failures="0" timestamp="10 Apr 2018 07:32:32 GMT" time="20.145" errors="0">
  <testcase name="edit_Staff" time="20.145" classname="com.TestCases.Tc_01_Edit_Staff_Details"/>
</testsuite> <!-- com.TestCases.Tc_01_Edit_Staff_Details -->
